Using pre-set license
Built from '2020.3/staging' branch; Version is '2020.3.3f1 (76626098c1c4) revision 7758432'; Using compiler version '192528614'; Build Type 'Release'
OS: 'Windows 10 Home; OS build 22000.438; Version 2009; 64bit' Language: 'zh' Physical Memory: 15792 MB
BatchMode: 1, IsHumanControllingUs: 0, StartBugReporterOnCrash: 0, Is64bit: 1, IsPro: 0

 COMMAND LINE ARGUMENTS:
D:\2020.3.3f1\Editor\Unity.exe
-adb2
-batchMode
-noUpm
-name
AssetImportWorker0
-projectPath
D:/Unity Projects/Project Linker
-logFile
Logs/AssetImportWorker0.log
-srvPort
11015
Successfully changed project path to: D:/Unity Projects/Project Linker
D:/Unity Projects/Project Linker
Using Asset Import Pipeline V2.
Refreshing native plugins compatible for Editor in 21.39 ms, found 0 plugins.
Preloading 0 native plugins for Editor in 0.00 ms.
Initialize engine version: 2020.3.3f1 (76626098c1c4)
[Subsystems] Discovering subsystems at path D:/2020.3.3f1/Editor/Data/Resources/UnitySubsystems
[Subsystems] Discovering subsystems at path D:/Unity Projects/Project Linker/Assets
GfxDevice: creating device client; threaded=0
Direct3D:
    Version:  Direct3D 11.0 [level 11.1]
    Renderer: NVIDIA GeForce RTX 3080 Laptop GPU (ID=0x249c)
    Vendor:   
    VRAM:     8042 MB
    Driver:   30.0.15.1123
Initialize mono
Mono path[0] = 'D:/2020.3.3f1/Editor/Data/Managed'
Mono path[1] = 'D:/2020.3.3f1/Editor/Data/MonoBleedingEdge/lib/mono/unityjit'
Mono config path = 'D:/2020.3.3f1/Editor/Data/MonoBleedingEdge/etc'
Using monoOptions --debugger-agent=transport=dt_socket,embedding=1,server=y,suspend=n,address=127.0.0.1:56800
Begin MonoManager ReloadAssembly
Registering precompiled unity dll's ...
Register platform support module: D:/2020.3.3f1/Editor/Data/PlaybackEngines/WindowsStandaloneSupport/UnityEditor.WindowsStandalone.Extensions.dll
Registered in 0.001013 seconds.
Native extension for WindowsStandalone target not found
Refreshing native plugins compatible for Editor in 21.03 ms, found 0 plugins.
Preloading 0 native plugins for Editor in 0.00 ms.
Invoked RoslynAnalysisRunner static constructor.
RoslynAnalysisRunner will not be running.
RoslynAnalysisRunner has terminated.
Mono: successfully reloaded assembly
- Completed reload, in  1.441 seconds
Platform modules already initialized, skipping
Registering precompiled user dll's ...
Registered in 0.000495 seconds.
Begin MonoManager ReloadAssembly
Native extension for WindowsStandalone target not found
Refreshing native plugins compatible for Editor in 1.06 ms, found 0 plugins.
Preloading 0 native plugins for Editor in 0.00 ms.
Invoked RoslynAnalysisRunner static constructor.
RoslynAnalysisRunner will not be running.
RoslynAnalysisRunner has terminated.
Mono: successfully reloaded assembly
- Completed reload, in  0.595 seconds
Platform modules already initialized, skipping
========================================================================
Worker process is ready to serve import requests
Launched and connected shader compiler UnityShaderCompiler.exe after 0.03 seconds
Refreshing native plugins compatible for Editor in 0.28 ms, found 0 plugins.
Preloading 0 native plugins for Editor in 0.00 ms.
Unloading 1303 Unused Serialized files (Serialized files now loaded: 0)
System memory in use before: 65.2 MB.
System memory in use after: 65.3 MB.

Unloading 14 unused Assets to reduce memory usage. Loaded Objects now: 1750.
Total: 1.652700 ms (FindLiveObjects: 0.167300 ms CreateObjectMapping: 0.035800 ms MarkObjects: 1.390100 ms  DeleteObjects: 0.058300 ms)

========================================================================
Received Import Request.
  path: Assets/Scripts/PlayingScene/CrossLine.cs
  artifactKey: Guid(66a3cddecdb34e646979ddbcd3fb8871) Importer(815301076,1909f56bfc062723c751e8b465ee728b)
Start importing Assets/Scripts/PlayingScene/CrossLine.cs using Guid(66a3cddecdb34e646979ddbcd3fb8871) Importer(815301076,1909f56bfc062723c751e8b465ee728b)  -> (artifact id: '28b419c4a7b1f21262940d8708b9b455') in 0.038126 seconds
  Import took 0.040067 seconds .

========================================================================
Received Import Request.
  Time since last request: 0.000179 seconds.
  path: Assets/Scripts/PlayingScene/FCAnimation.cs
  artifactKey: Guid(daef749b4320cbc49921026a6caced9d) Importer(815301076,1909f56bfc062723c751e8b465ee728b)
Start importing Assets/Scripts/PlayingScene/FCAnimation.cs using Guid(daef749b4320cbc49921026a6caced9d) Importer(815301076,1909f56bfc062723c751e8b465ee728b)  -> (artifact id: '1f069616f1b8a86abb5e9697e37c86e3') in 0.009826 seconds
  Import took 0.011709 seconds .

========================================================================
Received Import Request.
  Time since last request: 0.000152 seconds.
  path: Assets/Scripts/PlayingScene
  artifactKey: Guid(8e78fec6d27bfcb48a2dbab86897d9d9) Importer(815301076,1909f56bfc062723c751e8b465ee728b)
Start importing Assets/Scripts/PlayingScene using Guid(8e78fec6d27bfcb48a2dbab86897d9d9) Importer(815301076,1909f56bfc062723c751e8b465ee728b)  -> (artifact id: '258a58dfd90c60258b447cc851da677f') in 0.007899 seconds
  Import took 0.009512 seconds .

========================================================================
Received Import Request.
  Time since last request: 1.149814 seconds.
  path: Assets/Scripts/PlayingScene/SoundController.cs
  artifactKey: Guid(6cdffacdd52a69148a012cc4d9ecac88) Importer(815301076,1909f56bfc062723c751e8b465ee728b)
Start importing Assets/Scripts/PlayingScene/SoundController.cs using Guid(6cdffacdd52a69148a012cc4d9ecac88) Importer(815301076,1909f56bfc062723c751e8b465ee728b)  -> (artifact id: 'a2aebd289caa1e29bdd85505f1a733a8') in 0.010408 seconds
  Import took 0.012929 seconds .

========================================================================
Received Import Request.
  Time since last request: 0.005162 seconds.
  path: Assets/Scripts/PlayingScene/SoundController.cs
  artifactKey: Guid(6cdffacdd52a69148a012cc4d9ecac88) Importer(815301076,1909f56bfc062723c751e8b465ee728b)
Start importing Assets/Scripts/PlayingScene/SoundController.cs using Guid(6cdffacdd52a69148a012cc4d9ecac88) Importer(815301076,1909f56bfc062723c751e8b465ee728b)  -> (artifact id: 'a2aebd289caa1e29bdd85505f1a733a8') in 0.002555 seconds
  Import took 0.004745 seconds .

========================================================================
Received Import Request.
  Time since last request: 9.092334 seconds.
  path: Assets/Scripts/SongListScene/InfoPanel.cs
  artifactKey: Guid(4b7075a660e5309429b7fd3beb6c3c83) Importer(815301076,1909f56bfc062723c751e8b465ee728b)
Start importing Assets/Scripts/SongListScene/InfoPanel.cs using Guid(4b7075a660e5309429b7fd3beb6c3c83) Importer(815301076,1909f56bfc062723c751e8b465ee728b)  -> (artifact id: '71444069a061497063bfb1a481b060f0') in 0.006951 seconds
  Import took 0.009279 seconds .

========================================================================
Received Prepare
Registering precompiled user dll's ...
Registered in 0.000508 seconds.
Begin MonoManager ReloadAssembly
Native extension for WindowsStandalone target not found
Refreshing native plugins compatible for Editor in 0.29 ms, found 0 plugins.
Preloading 0 native plugins for Editor in 0.00 ms.
Invoked RoslynAnalysisRunner static constructor.
RoslynAnalysisRunner will not be running.
RoslynAnalysisRunner has terminated.
Mono: successfully reloaded assembly
- Completed reload, in  0.604 seconds
Platform modules already initialized, skipping
Refreshing native plugins compatible for Editor in 0.28 ms, found 0 plugins.
Preloading 0 native plugins for Editor in 0.00 ms.
Unloading 1294 Unused Serialized files (Serialized files now loaded: 0)
System memory in use before: 64.7 MB.
System memory in use after: 64.8 MB.

Unloading 5 unused Assets to reduce memory usage. Loaded Objects now: 1753.
Total: 1.921500 ms (FindLiveObjects: 0.158000 ms CreateObjectMapping: 0.049900 ms MarkObjects: 1.686600 ms  DeleteObjects: 0.025400 ms)

========================================================================
Received Prepare
Registering precompiled user dll's ...
Registered in 0.000756 seconds.
Begin MonoManager ReloadAssembly
Native extension for WindowsStandalone target not found
Refreshing native plugins compatible for Editor in 0.29 ms, found 0 plugins.
Preloading 0 native plugins for Editor in 0.00 ms.
Invoked RoslynAnalysisRunner static constructor.
RoslynAnalysisRunner will not be running.
RoslynAnalysisRunner has terminated.
Mono: successfully reloaded assembly
- Completed reload, in  0.567 seconds
Platform modules already initialized, skipping
Refreshing native plugins compatible for Editor in 0.28 ms, found 0 plugins.
Preloading 0 native plugins for Editor in 0.00 ms.
Unloading 1294 Unused Serialized files (Serialized files now loaded: 0)
System memory in use before: 64.8 MB.
System memory in use after: 64.9 MB.

Unloading 5 unused Assets to reduce memory usage. Loaded Objects now: 1756.
Total: 1.674000 ms (FindLiveObjects: 0.175800 ms CreateObjectMapping: 0.036600 ms MarkObjects: 1.445400 ms  DeleteObjects: 0.015200 ms)

========================================================================
Received Prepare
Refreshing native plugins compatible for Editor in 0.84 ms, found 0 plugins.
Preloading 0 native plugins for Editor in 0.00 ms.
Unloading 3 Unused Serialized files (Serialized files now loaded: 0)
System memory in use before: 39.2 MB.
System memory in use after: 39.3 MB.

Unloading 3 unused Assets to reduce memory usage. Loaded Objects now: 1756.
Total: 1.865200 ms (FindLiveObjects: 0.259300 ms CreateObjectMapping: 0.052500 ms MarkObjects: 1.536500 ms  DeleteObjects: 0.016000 ms)

AssetImportWorkerClient::OnTransportError - code=2 error=End of file
